Arguments: 
  C:\Program Files\nodejs\node.exe C:\Users\KEY\AppData\Local\node\corepack\yarn\1.22.19\bin\yarn.js add database.md

PATH: 
  C:\Program Files (x86)\Intel\Intel(R) Management Engine Components\iCLS\;C:\Program Files\Intel\Intel(R) Management Engine Components\iCLS\;C:\Program Files\Microsoft\jdk-11.0.12.7-hotspot\bin;C:\Program Files (x86)\Razer Chroma SDK\bin;C:\Program Files\Razer Chroma SDK\bin;C:\Program Files (x86)\Razer\ChromaBroadcast\bin;C:\Program Files\Razer\ChromaBroadcast\bin;C:\Python310\Scripts\;C:\Python310\;C:\Windows\system32;C:\Windows;C:\Windows\System32\Wbem;C:\Windows\System32\WindowsPowerShell\v1.0\;C:\Windows\System32\OpenSSH\;C:\ProgramData\chocolatey\bin;C:\Windows\system32\config\systemprofile\AppData\Local\Microsoft\WindowsApps;C:\Program Files\dotnet\;C:\Users\KEY\AppData\Local\pnpm;C:\Users\KEY\AppData\Roaming\edgedb\bin;C:\Users\KEY\AppData\Local\Microsoft\WindowsApps;C:\Users\KEY\AppData\Local\Programs\oh-my-posh\bin;C:\Users\KEY\AppData\Roaming\npm;C:\Users\KEY\AppData\Local\Programs\Microsoft VS Code\bin;C:\Users\KEY\.dotnet\tools;C:\Program Files\Docker\Docker\resources\bin;C:\ProgramData\DockerDesktop\version-bin;C:\Program Files (x86)\Intel\Intel(R) Management Engine Components\DAL;C:\Program Files\Intel\Intel(R) Management Engine Components\DAL;C:\Program Files (x86)\Intel\Intel(R) Management Engine Components\IPT;C:\Program Files\Intel\Intel(R) Management Engine Components\IPT;C:\Program Files\nodejs\;C:\Program Files\Git\cmd;C:\Users\KEY\AppData\Local\pnpm;C:\Users\KEY\AppData\Roaming\edgedb\bin;C:\Users\KEY\AppData\Local\Microsoft\WindowsApps;;C:\Users\KEY\AppData\Local\Programs\oh-my-posh\bin;C:\Users\KEY\AppData\Local\Programs\Microsoft VS Code\bin;C:\Users\KEY\.dotnet\tools;C:\Users\KEY\AppData\Roaming\npm

Yarn version: 
  1.22.19

Node version: 
  19.3.0

Platform: 
  win32 x64

Trace: 
  Error: https://registry.yarnpkg.com/database.md: Not found
      at params.callback [as _callback] (C:\Users\KEY\AppData\Local\node\corepack\yarn\1.22.19\lib\cli.js:66145:18)
      at self.callback (C:\Users\KEY\AppData\Local\node\corepack\yarn\1.22.19\lib\cli.js:140890:22)
      at Request.emit (node:events:513:28)
      at Request.<anonymous> (C:\Users\KEY\AppData\Local\node\corepack\yarn\1.22.19\lib\cli.js:141862:10)
      at Request.emit (node:events:513:28)
      at IncomingMessage.<anonymous> (C:\Users\KEY\AppData\Local\node\corepack\yarn\1.22.19\lib\cli.js:141784:12)
      at Object.onceWrapper (node:events:627:28)
      at IncomingMessage.emit (node:events:525:35)
      at endReadableNT (node:internal/streams/readable:1359:12)
      at process.processTicksAndRejections (node:internal/process/task_queues:82:21)

npm manifest: 
  No manifest

yarn manifest: 
  No manifest

Lockfile: 
  No lockfile
